2020-10-08 13:33:36,509 [Worker-1: Loading available Gradle versions] INFO  o.e.b.c.i.u.g.PublishedGradleVersions - Gradle version information cache is up-to-date. Trying to read.
2020-10-08 13:45:52,569 [Worker-23: Creating project "java"] INFO  o.e.m.c.i.l.LifecycleMappingFactory - Using org.eclipse.m2e.jdt.JarLifecycleMapping lifecycle mapping for MavenProject: cn.kgc.tangcco:java:0.0.1-SNAPSHOT @ D:\Eclipse\java\java\pom.xml.
2020-10-08 13:45:53,078 [Worker-23: Creating project "java"] INFO  o.e.m.j.i.AbstractJavaProjectConfigurator - Adding source folder /java/src/main/java
2020-10-08 13:45:53,081 [Worker-23: Creating project "java"] INFO  o.e.m.j.i.AbstractJavaProjectConfigurator - Adding resource folder /java/src/main/resources
2020-10-08 13:45:53,083 [Worker-23: Creating project "java"] INFO  o.e.m.j.i.AbstractJavaProjectConfigurator - Adding source folder /java/src/test/java
2020-10-08 13:45:53,084 [Worker-23: Creating project "java"] INFO  o.e.m.j.i.AbstractJavaProjectConfigurator - Adding resource folder /java/src/test/resources
2020-10-08 13:45:54,180 [Worker-24: Building] WARN  o.e.m.c.i.embedder.EclipseLogger - Using platform encoding (GBK actually) to copy filtered resources, i.e. build is platform dependent!
2020-10-08 13:45:54,183 [Worker-24: Building] INFO  o.e.m.c.i.embedder.EclipseLogger - Copying 0 resource
2020-10-08 13:45:54,185 [Worker-24: Building] WARN  o.e.m.c.i.embedder.EclipseLogger - Using platform encoding (GBK actually) to copy filtered resources, i.e. build is platform dependent!
2020-10-08 13:45:54,187 [Worker-24: Building] INFO  o.e.m.c.i.embedder.EclipseLogger - Copying 0 resource
2020-10-08 13:47:21,512 [Worker-16: Building] WARN  o.e.m.c.i.embedder.EclipseLogger - Using platform encoding (GBK actually) to copy filtered resources, i.e. build is platform dependent!
2020-10-08 13:47:21,515 [Worker-16: Building] INFO  o.e.m.c.i.embedder.EclipseLogger - Copying 0 resource
2020-10-08 13:47:21,516 [Worker-16: Building] WARN  o.e.m.c.i.embedder.EclipseLogger - Using platform encoding (GBK actually) to copy filtered resources, i.e. build is platform dependent!
2020-10-08 13:47:21,517 [Worker-16: Building] INFO  o.e.m.c.i.embedder.EclipseLogger - Copying 0 resource
2020-10-08 13:48:25,790 [Worker-26: Building] WARN  o.e.m.c.i.embedder.EclipseLogger - Using platform encoding (GBK actually) to copy filtered resources, i.e. build is platform dependent!
2020-10-08 13:48:25,795 [Worker-26: Building] INFO  o.e.m.c.i.embedder.EclipseLogger - Copying 0 resource
2020-10-08 13:48:25,797 [Worker-26: Building] WARN  o.e.m.c.i.embedder.EclipseLogger - Using platform encoding (GBK actually) to copy filtered resources, i.e. build is platform dependent!
2020-10-08 13:48:25,799 [Worker-26: Building] INFO  o.e.m.c.i.embedder.EclipseLogger - Copying 0 resource
2020-10-08 13:49:02,854 [Worker-27: Building] WARN  o.e.m.c.i.embedder.EclipseLogger - Using platform encoding (GBK actually) to copy filtered resources, i.e. build is platform dependent!
2020-10-08 13:49:02,859 [Worker-27: Building] INFO  o.e.m.c.i.embedder.EclipseLogger - Copying 0 resource
2020-10-08 13:49:02,862 [Worker-27: Building] WARN  o.e.m.c.i.embedder.EclipseLogger - Using platform encoding (GBK actually) to copy filtered resources, i.e. build is platform dependent!
2020-10-08 13:49:02,875 [Worker-27: Building] INFO  o.e.m.c.i.embedder.EclipseLogger - Copying 0 resource
2020-10-08 13:49:03,940 [Worker-27: Building] WARN  o.e.m.c.i.embedder.EclipseLogger - Using platform encoding (GBK actually) to copy filtered resources, i.e. build is platform dependent!
2020-10-08 13:49:03,942 [Worker-27: Building] INFO  o.e.m.c.i.embedder.EclipseLogger - Copying 0 resource
2020-10-08 13:49:03,944 [Worker-27: Building] WARN  o.e.m.c.i.embedder.EclipseLogger - Using platform encoding (GBK actually) to copy filtered resources, i.e. build is platform dependent!
2020-10-08 13:49:03,946 [Worker-27: Building] INFO  o.e.m.c.i.embedder.EclipseLogger - Copying 0 resource
2020-10-08 13:49:28,231 [Worker-26: Building] WARN  o.e.m.c.i.embedder.EclipseLogger - Using platform encoding (GBK actually) to copy filtered resources, i.e. build is platform dependent!
2020-10-08 13:49:28,233 [Worker-26: Building] INFO  o.e.m.c.i.embedder.EclipseLogger - Copying 0 resource
2020-10-08 13:49:28,236 [Worker-26: Building] WARN  o.e.m.c.i.embedder.EclipseLogger - Using platform encoding (GBK actually) to copy filtered resources, i.e. build is platform dependent!
2020-10-08 13:49:28,237 [Worker-26: Building] INFO  o.e.m.c.i.embedder.EclipseLogger - Copying 0 resource
2020-10-08 13:50:50,591 [Worker-26: Building] WARN  o.e.m.c.i.embedder.EclipseLogger - Using platform encoding (GBK actually) to copy filtered resources, i.e. build is platform dependent!
2020-10-08 13:50:50,593 [Worker-26: Building] INFO  o.e.m.c.i.embedder.EclipseLogger - Copying 0 resource
2020-10-08 13:50:50,594 [Worker-26: Building] WARN  o.e.m.c.i.embedder.EclipseLogger - Using platform encoding (GBK actually) to copy filtered resources, i.e. build is platform dependent!
2020-10-08 13:50:50,597 [Worker-26: Building] INFO  o.e.m.c.i.embedder.EclipseLogger - Copying 0 resource
2020-10-08 13:55:58,121 [main] INFO  o.e.m2e.actions.ExecutePomAction - Creating new launch configuration
2020-10-08 13:56:04,314 [Worker-24: Launching java] INFO  o.e.m.i.launch.MavenLaunchDelegate - D:\Eclipse\java\java
2020-10-08 13:56:04,317 [Worker-24: Launching java] INFO  o.e.m.i.launch.MavenLaunchDelegate -  mvn -B -s "C:\Program Files\maven\conf\settings.xml" 
2020-10-08 13:56:07,826 [Worker-31: Building] INFO  o.e.m.c.i.l.LifecycleMappingFactory - Using org.eclipse.m2e.jdt.JarLifecycleMapping lifecycle mapping for MavenProject: cn.kgc.tangcco:java:0.0.1-SNAPSHOT @ D:\Eclipse\java\java\pom.xml.
2020-10-08 13:56:10,067 [Worker-31: Building] INFO  o.e.m.c.i.embedder.EclipseLogger - Using 'utf-8' encoding to copy filtered resources.
2020-10-08 13:56:10,071 [Worker-31: Building] INFO  o.e.m.c.i.embedder.EclipseLogger - Copying 0 resource
2020-10-08 13:56:10,073 [Worker-31: Building] INFO  o.e.m.c.i.embedder.EclipseLogger - Using 'utf-8' encoding to copy filtered resources.
2020-10-08 13:56:10,073 [Worker-31: Building] INFO  o.e.m.c.i.embedder.EclipseLogger - Copying 0 resource
2020-10-08 13:56:11,258 [Worker-31: Building] INFO  o.e.m.c.i.embedder.EclipseLogger - Using 'utf-8' encoding to copy filtered resources.
2020-10-08 13:56:11,259 [Worker-31: Building] INFO  o.e.m.c.i.embedder.EclipseLogger - Copying 0 resource
2020-10-08 13:56:11,261 [Worker-31: Building] INFO  o.e.m.c.i.embedder.EclipseLogger - Using 'utf-8' encoding to copy filtered resources.
2020-10-08 13:56:11,261 [Worker-31: Building] INFO  o.e.m.c.i.embedder.EclipseLogger - Copying 0 resource
2020-10-08 13:56:12,478 [Worker-32: Download sources and javadoc] INFO  o.e.m.c.i.e.AbstractTransferListenerAdapter - Downloading https://repo.maven.apache.org/maven2/junit/junit/4.13/junit-4.13-sources.jar
2020-10-08 13:56:17,857 [Worker-32: Download sources and javadoc] INFO  o.e.m.c.i.e.AbstractTransferListenerAdapter - Downloaded https://repo.maven.apache.org/maven2/junit/junit/4.13/junit-4.13-sources.jar
2020-10-08 13:56:18,121 [Worker-32: Download sources and javadoc] INFO  o.e.m.j.internal.DownloadSourcesJob - Downloaded sources for junit:junit:4.13
2020-10-08 13:56:19,314 [Worker-32: Download sources and javadoc] INFO  o.e.m.c.i.e.AbstractTransferListenerAdapter - Downloading https://repo.maven.apache.org/maven2/org/hamcrest/hamcrest-core/1.3/hamcrest-core-1.3-sources.jar
2020-10-08 13:56:20,809 [Worker-32: Download sources and javadoc] INFO  o.e.m.c.i.e.AbstractTransferListenerAdapter - Downloaded https://repo.maven.apache.org/maven2/org/hamcrest/hamcrest-core/1.3/hamcrest-core-1.3-sources.jar
2020-10-08 13:56:21,299 [Worker-32: Download sources and javadoc] INFO  o.e.m.j.internal.DownloadSourcesJob - Downloaded sources for org.hamcrest:hamcrest-core:1.3
2020-10-08 13:56:22,594 [Worker-32: Download sources and javadoc] INFO  o.e.m.c.i.e.AbstractTransferListenerAdapter - Downloading https://repo.maven.apache.org/maven2/com/github/binarywang/java-testdata-generator/1.1.2/java-testdata-generator-1.1.2-sources.jar
2020-10-08 13:56:23,530 [Worker-32: Download sources and javadoc] INFO  o.e.m.c.i.e.AbstractTransferListenerAdapter - Downloaded https://repo.maven.apache.org/maven2/com/github/binarywang/java-testdata-generator/1.1.2/java-testdata-generator-1.1.2-sources.jar
2020-10-08 13:56:23,843 [Worker-32: Download sources and javadoc] INFO  o.e.m.j.internal.DownloadSourcesJob - Downloaded sources for com.github.binarywang:java-testdata-generator:1.1.2
2020-10-08 13:56:24,908 [Worker-32: Download sources and javadoc] INFO  o.e.m.c.i.e.AbstractTransferListenerAdapter - Downloading https://repo.maven.apache.org/maven2/com/google/guava/guava/19.0/guava-19.0-sources.jar
2020-10-08 13:56:42,913 [Worker-32: Download sources and javadoc] INFO  o.e.m.c.i.e.AbstractTransferListenerAdapter - Downloaded https://repo.maven.apache.org/maven2/com/google/guava/guava/19.0/guava-19.0-sources.jar
2020-10-08 13:56:43,218 [Worker-32: Download sources and javadoc] INFO  o.e.m.j.internal.DownloadSourcesJob - Downloaded sources for com.google.guava:guava:19.0
2020-10-08 13:56:44,613 [Worker-32: Download sources and javadoc] INFO  o.e.m.c.i.e.AbstractTransferListenerAdapter - Downloading https://repo.maven.apache.org/maven2/org/projectlombok/lombok/1.18.12/lombok-1.18.12-sources.jar
2020-10-08 13:56:50,660 [Worker-32: Download sources and javadoc] INFO  o.e.m.c.i.e.AbstractTransferListenerAdapter - Downloaded https://repo.maven.apache.org/maven2/org/projectlombok/lombok/1.18.12/lombok-1.18.12-sources.jar
2020-10-08 13:56:50,898 [Worker-32: Download sources and javadoc] INFO  o.e.m.j.internal.DownloadSourcesJob - Downloaded sources for org.projectlombok:lombok:1.18.12
2020-10-08 13:56:52,614 [Worker-32: Download sources and javadoc] INFO  o.e.m.c.i.e.AbstractTransferListenerAdapter - Downloading https://repo.maven.apache.org/maven2/cn/hutool/hutool-all/5.4.0/hutool-all-5.4.0-sources.jar
2020-10-08 13:56:59,744 [Worker-33: Launching Executing test in D__Eclipse_java_java] INFO  o.e.m.i.launch.MavenLaunchDelegate - D:\Eclipse\java\java
2020-10-08 13:56:59,745 [Worker-33: Launching Executing test in D__Eclipse_java_java] INFO  o.e.m.i.launch.MavenLaunchDelegate -  mvn -B -s "C:\Program Files\maven\conf\settings.xml" test
2020-10-08 13:57:02,726 [Worker-32: Download sources and javadoc] INFO  o.e.m.c.i.e.AbstractTransferListenerAdapter - Downloaded https://repo.maven.apache.org/maven2/cn/hutool/hutool-all/5.4.0/hutool-all-5.4.0-sources.jar
2020-10-08 13:57:02,924 [Worker-32: Download sources and javadoc] INFO  o.e.m.j.internal.DownloadSourcesJob - Downloaded sources for cn.hutool:hutool-all:5.4.0
2020-10-08 13:57:04,132 [Worker-32: Download sources and javadoc] INFO  o.e.m.c.i.e.AbstractTransferListenerAdapter - Downloading https://repo.maven.apache.org/maven2/commons-io/commons-io/2.7/commons-io-2.7-sources.jar
2020-10-08 13:57:08,528 [Worker-32: Download sources and javadoc] INFO  o.e.m.c.i.e.AbstractTransferListenerAdapter - Downloaded https://repo.maven.apache.org/maven2/commons-io/commons-io/2.7/commons-io-2.7-sources.jar
2020-10-08 13:57:08,735 [Worker-32: Download sources and javadoc] INFO  o.e.m.j.internal.DownloadSourcesJob - Downloaded sources for commons-io:commons-io:2.7
2020-10-08 13:57:09,858 [Worker-32: Download sources and javadoc] INFO  o.e.m.c.i.e.AbstractTransferListenerAdapter - Downloading https://repo.maven.apache.org/maven2/org/apache/commons/commons-lang3/3.1/commons-lang3-3.1-sources.jar
2020-10-08 13:57:13,360 [Worker-32: Download sources and javadoc] INFO  o.e.m.c.i.e.AbstractTransferListenerAdapter - Downloaded https://repo.maven.apache.org/maven2/org/apache/commons/commons-lang3/3.1/commons-lang3-3.1-sources.jar
2020-10-08 13:57:13,617 [Worker-32: Download sources and javadoc] INFO  o.e.m.j.internal.DownloadSourcesJob - Downloaded sources for org.apache.commons:commons-lang3:3.1
2020-10-08 13:57:16,054 [Worker-32: Download sources and javadoc] INFO  o.e.m.c.i.e.AbstractTransferListenerAdapter - Downloading https://repo.maven.apache.org/maven2/joda-time/joda-time/2.10.6/joda-time-2.10.6-sources.jar
2020-10-08 13:57:26,188 [Worker-32: Download sources and javadoc] INFO  o.e.m.c.i.e.AbstractTransferListenerAdapter - Downloaded https://repo.maven.apache.org/maven2/joda-time/joda-time/2.10.6/joda-time-2.10.6-sources.jar
2020-10-08 13:57:26,411 [Worker-32: Download sources and javadoc] INFO  o.e.m.j.internal.DownloadSourcesJob - Downloaded sources for joda-time:joda-time:2.10.6
2020-10-08 13:57:27,606 [Worker-32: Download sources and javadoc] INFO  o.e.m.c.i.e.AbstractTransferListenerAdapter - Downloading https://repo.maven.apache.org/maven2/org/springframework/spring-context/5.2.8.RELEASE/spring-context-5.2.8.RELEASE-sources.jar
2020-10-08 13:57:41,950 [Worker-32: Download sources and javadoc] INFO  o.e.m.c.i.e.AbstractTransferListenerAdapter - Downloaded https://repo.maven.apache.org/maven2/org/springframework/spring-context/5.2.8.RELEASE/spring-context-5.2.8.RELEASE-sources.jar
2020-10-08 13:57:42,110 [Worker-32: Download sources and javadoc] INFO  o.e.m.j.internal.DownloadSourcesJob - Downloaded sources for org.springframework:spring-context:5.2.8.RELEASE
2020-10-08 13:57:43,244 [Worker-32: Download sources and javadoc] INFO  o.e.m.c.i.e.AbstractTransferListenerAdapter - Downloading https://repo.maven.apache.org/maven2/org/springframework/spring-aop/5.2.8.RELEASE/spring-aop-5.2.8.RELEASE-sources.jar
2020-10-08 13:57:46,474 [Worker-32: Download sources and javadoc] INFO  o.e.m.c.i.e.AbstractTransferListenerAdapter - Downloaded https://repo.maven.apache.org/maven2/org/springframework/spring-aop/5.2.8.RELEASE/spring-aop-5.2.8.RELEASE-sources.jar
2020-10-08 13:57:46,741 [Worker-32: Download sources and javadoc] INFO  o.e.m.j.internal.DownloadSourcesJob - Downloaded sources for org.springframework:spring-aop:5.2.8.RELEASE
2020-10-08 13:57:47,803 [Worker-32: Download sources and javadoc] INFO  o.e.m.c.i.e.AbstractTransferListenerAdapter - Downloading https://repo.maven.apache.org/maven2/org/springframework/spring-beans/5.2.8.RELEASE/spring-beans-5.2.8.RELEASE-sources.jar
2020-10-08 13:57:56,027 [Worker-32: Download sources and javadoc] INFO  o.e.m.c.i.e.AbstractTransferListenerAdapter - Downloaded https://repo.maven.apache.org/maven2/org/springframework/spring-beans/5.2.8.RELEASE/spring-beans-5.2.8.RELEASE-sources.jar
2020-10-08 13:57:56,258 [Worker-32: Download sources and javadoc] INFO  o.e.m.j.internal.DownloadSourcesJob - Downloaded sources for org.springframework:spring-beans:5.2.8.RELEASE
2020-10-08 13:57:57,518 [Worker-32: Download sources and javadoc] INFO  o.e.m.c.i.e.AbstractTransferListenerAdapter - Downloading https://repo.maven.apache.org/maven2/org/springframework/spring-core/5.2.8.RELEASE/spring-core-5.2.8.RELEASE-sources.jar
2020-10-08 13:58:02,737 [Worker-32: Download sources and javadoc] INFO  o.e.m.c.i.e.AbstractTransferListenerAdapter - Downloaded https://repo.maven.apache.org/maven2/org/springframework/spring-core/5.2.8.RELEASE/spring-core-5.2.8.RELEASE-sources.jar
2020-10-08 13:58:02,974 [Worker-32: Download sources and javadoc] INFO  o.e.m.j.internal.DownloadSourcesJob - Downloaded sources for org.springframework:spring-core:5.2.8.RELEASE
2020-10-08 13:58:04,170 [Worker-32: Download sources and javadoc] INFO  o.e.m.c.i.e.AbstractTransferListenerAdapter - Downloading https://repo.maven.apache.org/maven2/org/springframework/spring-jcl/5.2.8.RELEASE/spring-jcl-5.2.8.RELEASE-sources.jar
2020-10-08 13:58:04,921 [Worker-32: Download sources and javadoc] INFO  o.e.m.c.i.e.AbstractTransferListenerAdapter - Downloaded https://repo.maven.apache.org/maven2/org/springframework/spring-jcl/5.2.8.RELEASE/spring-jcl-5.2.8.RELEASE-sources.jar
2020-10-08 13:58:05,086 [Worker-32: Download sources and javadoc] INFO  o.e.m.j.internal.DownloadSourcesJob - Downloaded sources for org.springframework:spring-jcl:5.2.8.RELEASE
2020-10-08 13:58:06,217 [Worker-32: Download sources and javadoc] INFO  o.e.m.c.i.e.AbstractTransferListenerAdapter - Downloading https://repo.maven.apache.org/maven2/org/springframework/spring-expression/5.2.8.RELEASE/spring-expression-5.2.8.RELEASE-sources.jar
2020-10-08 13:58:07,971 [Worker-32: Download sources and javadoc] INFO  o.e.m.c.i.e.AbstractTransferListenerAdapter - Downloaded https://repo.maven.apache.org/maven2/org/springframework/spring-expression/5.2.8.RELEASE/spring-expression-5.2.8.RELEASE-sources.jar
2020-10-08 13:58:08,234 [Worker-32: Download sources and javadoc] INFO  o.e.m.j.internal.DownloadSourcesJob - Downloaded sources for org.springframework:spring-expression:5.2.8.RELEASE
2020-10-08 13:58:09,299 [Worker-32: Download sources and javadoc] INFO  o.e.m.c.i.e.AbstractTransferListenerAdapter - Downloading https://repo.maven.apache.org/maven2/org/dom4j/dom4j/2.1.3/dom4j-2.1.3-sources.jar
2020-10-08 13:58:20,380 [Worker-32: Download sources and javadoc] INFO  o.e.m.c.i.e.AbstractTransferListenerAdapter - Downloaded https://repo.maven.apache.org/maven2/org/dom4j/dom4j/2.1.3/dom4j-2.1.3-sources.jar
2020-10-08 13:58:20,642 [Worker-32: Download sources and javadoc] INFO  o.e.m.j.internal.DownloadSourcesJob - Downloaded sources for org.dom4j:dom4j:2.1.3
2020-10-08 13:58:21,386 [Worker-35: Building] INFO  o.e.m.c.i.embedder.EclipseLogger - Using 'utf-8' encoding to copy filtered resources.
2020-10-08 13:58:21,386 [Worker-35: Building] INFO  o.e.m.c.i.embedder.EclipseLogger - Copying 0 resource
2020-10-08 13:58:21,388 [Worker-35: Building] INFO  o.e.m.c.i.embedder.EclipseLogger - Using 'utf-8' encoding to copy filtered resources.
2020-10-08 13:58:21,389 [Worker-35: Building] INFO  o.e.m.c.i.embedder.EclipseLogger - Copying 0 resource
2020-10-08 13:58:22,541 [Worker-32: Download sources and javadoc] INFO  o.e.m.c.i.e.AbstractTransferListenerAdapter - Downloading https://repo.maven.apache.org/maven2/jaxen/jaxen/1.2.0/jaxen-1.2.0-sources.jar
2020-10-08 13:58:40,045 [Worker-32: Download sources and javadoc] INFO  o.e.m.c.i.e.AbstractTransferListenerAdapter - Downloaded https://repo.maven.apache.org/maven2/jaxen/jaxen/1.2.0/jaxen-1.2.0-sources.jar
2020-10-08 13:58:40,377 [Worker-32: Download sources and javadoc] INFO  o.e.m.j.internal.DownloadSourcesJob - Downloaded sources for jaxen:jaxen:1.2.0
2020-10-08 13:58:41,669 [Worker-32: Download sources and javadoc] INFO  o.e.m.c.i.e.AbstractTransferListenerAdapter - Downloading https://repo.maven.apache.org/maven2/com/alibaba/fastjson/1.2.73/fastjson-1.2.73-sources.jar
2020-10-08 13:58:45,068 [Worker-32: Download sources and javadoc] INFO  o.e.m.c.i.e.AbstractTransferListenerAdapter - Downloaded https://repo.maven.apache.org/maven2/com/alibaba/fastjson/1.2.73/fastjson-1.2.73-sources.jar
2020-10-08 13:58:45,348 [Worker-32: Download sources and javadoc] INFO  o.e.m.j.internal.DownloadSourcesJob - Downloaded sources for com.alibaba:fastjson:1.2.73
2020-10-08 13:58:45,608 [Worker-29: Building] INFO  o.e.m.c.i.embedder.EclipseLogger - Using 'utf-8' encoding to copy filtered resources.
2020-10-08 13:58:45,608 [Worker-29: Building] INFO  o.e.m.c.i.embedder.EclipseLogger - Copying 0 resource
2020-10-08 13:58:45,609 [Worker-29: Building] INFO  o.e.m.c.i.embedder.EclipseLogger - Using 'utf-8' encoding to copy filtered resources.
2020-10-08 13:58:45,609 [Worker-29: Building] INFO  o.e.m.c.i.embedder.EclipseLogger - Copying 0 resource
2020-10-08 13:59:54,311 [main] INFO  o.e.m2e.actions.ExecutePomAction - Using existing launch configuration
2020-10-08 14:00:01,688 [Worker-34: Launching java] INFO  o.e.m.i.launch.MavenLaunchDelegate - D:\Eclipse\java\java
2020-10-08 14:00:01,688 [Worker-34: Launching java] INFO  o.e.m.i.launch.MavenLaunchDelegate -  mvn -B -s "C:\Program Files\maven\conf\settings.xml" 
2020-10-08 14:00:02,521 [Worker-31: Building] INFO  o.e.m.c.i.l.LifecycleMappingFactory - Using org.eclipse.m2e.jdt.JarLifecycleMapping lifecycle mapping for MavenProject: cn.kgc.tangcco:java:0.0.1-SNAPSHOT @ D:\Eclipse\java\java\pom.xml.
2020-10-08 14:00:02,992 [Worker-31: Building] INFO  o.e.m.c.i.embedder.EclipseLogger - Using 'utf-8' encoding to copy filtered resources.
2020-10-08 14:00:02,995 [Worker-31: Building] INFO  o.e.m.c.i.embedder.EclipseLogger - Copying 0 resource
2020-10-08 14:00:02,997 [Worker-31: Building] INFO  o.e.m.c.i.embedder.EclipseLogger - Using 'utf-8' encoding to copy filtered resources.
2020-10-08 14:00:02,997 [Worker-31: Building] INFO  o.e.m.c.i.embedder.EclipseLogger - Copying 0 resource
2020-10-08 14:01:27,176 [Worker-31: Building] INFO  o.e.m.c.i.l.LifecycleMappingFactory - Using org.eclipse.m2e.jdt.JarLifecycleMapping lifecycle mapping for MavenProject: cn.kgc.tangcco:java:1.0-SNAPSHOT @ D:\Eclipse\java\java\pom.xml.
2020-10-08 14:01:27,569 [Worker-31: Building] INFO  o.e.m.c.i.embedder.EclipseLogger - Using 'utf-8' encoding to copy filtered resources.
2020-10-08 14:01:27,572 [Worker-31: Building] INFO  o.e.m.c.i.embedder.EclipseLogger - Copying 0 resource
2020-10-08 14:01:27,574 [Worker-31: Building] INFO  o.e.m.c.i.embedder.EclipseLogger - Using 'utf-8' encoding to copy filtered resources.
2020-10-08 14:01:27,574 [Worker-31: Building] INFO  o.e.m.c.i.embedder.EclipseLogger - Copying 0 resource
2020-10-08 14:01:30,186 [main] INFO  o.e.m2e.actions.ExecutePomAction - Using existing launch configuration
2020-10-08 14:03:06,044 [Worker-29: Building] INFO  o.e.m.c.i.embedder.EclipseLogger - Using 'utf-8' encoding to copy filtered resources.
2020-10-08 14:03:06,044 [Worker-29: Building] INFO  o.e.m.c.i.embedder.EclipseLogger - Copying 0 resource
2020-10-08 14:03:06,046 [Worker-29: Building] INFO  o.e.m.c.i.embedder.EclipseLogger - Using 'utf-8' encoding to copy filtered resources.
2020-10-08 14:03:06,046 [Worker-29: Building] INFO  o.e.m.c.i.embedder.EclipseLogger - Copying 0 resource
2020-10-08 14:03:10,268 [Worker-39: Building] INFO  o.e.m.c.i.embedder.EclipseLogger - Using 'utf-8' encoding to copy filtered resources.
2020-10-08 14:03:10,268 [Worker-39: Building] INFO  o.e.m.c.i.embedder.EclipseLogger - Copying 0 resource
2020-10-08 14:03:10,270 [Worker-39: Building] INFO  o.e.m.c.i.embedder.EclipseLogger - Using 'utf-8' encoding to copy filtered resources.
2020-10-08 14:03:10,270 [Worker-39: Building] INFO  o.e.m.c.i.embedder.EclipseLogger - Copying 0 resource
2020-10-08 14:04:42,559 [Worker-29: Building] INFO  o.e.m.c.i.embedder.EclipseLogger - Using 'utf-8' encoding to copy filtered resources.
2020-10-08 14:04:42,559 [Worker-29: Building] INFO  o.e.m.c.i.embedder.EclipseLogger - Copying 0 resource
2020-10-08 14:04:42,561 [Worker-29: Building] INFO  o.e.m.c.i.embedder.EclipseLogger - Using 'utf-8' encoding to copy filtered resources.
2020-10-08 14:04:42,562 [Worker-29: Building] INFO  o.e.m.c.i.embedder.EclipseLogger - Copying 0 resource
2020-10-08 14:04:46,079 [Worker-40: Building] INFO  o.e.m.c.i.embedder.EclipseLogger - Using 'utf-8' encoding to copy filtered resources.
2020-10-08 14:04:46,080 [Worker-40: Building] INFO  o.e.m.c.i.embedder.EclipseLogger - Copying 0 resource
2020-10-08 14:04:46,082 [Worker-40: Building] INFO  o.e.m.c.i.embedder.EclipseLogger - Using 'utf-8' encoding to copy filtered resources.
2020-10-08 14:04:46,083 [Worker-40: Building] INFO  o.e.m.c.i.embedder.EclipseLogger - Copying 0 resource
2020-10-08 14:11:34,321 [Worker-45: Building] INFO  o.e.m.c.i.l.LifecycleMappingFactory - Using org.eclipse.m2e.jdt.JarLifecycleMapping lifecycle mapping for MavenProject: cn.kgc.tangcco:java:0.0.1-SNAPSHOT @ D:\Eclipse\java\java\pom.xml.
2020-10-08 14:11:34,471 [Worker-45: Building] WARN  o.e.m.c.i.embedder.EclipseLogger - Using platform encoding (GBK actually) to copy filtered resources, i.e. build is platform dependent!
2020-10-08 14:11:34,474 [Worker-45: Building] INFO  o.e.m.c.i.embedder.EclipseLogger - Copying 0 resource
2020-10-08 14:11:34,476 [Worker-45: Building] WARN  o.e.m.c.i.embedder.EclipseLogger - Using platform encoding (GBK actually) to copy filtered resources, i.e. build is platform dependent!
2020-10-08 14:11:34,477 [Worker-45: Building] INFO  o.e.m.c.i.embedder.EclipseLogger - Copying 0 resource
2020-10-08 14:11:35,725 [Worker-38: Building] WARN  o.e.m.c.i.embedder.EclipseLogger - Using platform encoding (GBK actually) to copy filtered resources, i.e. build is platform dependent!
2020-10-08 14:11:35,727 [Worker-38: Building] INFO  o.e.m.c.i.embedder.EclipseLogger - Copying 0 resource
2020-10-08 14:11:35,729 [Worker-38: Building] WARN  o.e.m.c.i.embedder.EclipseLogger - Using platform encoding (GBK actually) to copy filtered resources, i.e. build is platform dependent!
2020-10-08 14:11:35,731 [Worker-38: Building] INFO  o.e.m.c.i.embedder.EclipseLogger - Copying 0 resource
2020-10-08 14:12:36,219 [Worker-42: Building] WARN  o.e.m.c.i.embedder.EclipseLogger - Using platform encoding (GBK actually) to copy filtered resources, i.e. build is platform dependent!
2020-10-08 14:12:36,221 [Worker-42: Building] INFO  o.e.m.c.i.embedder.EclipseLogger - Copying 0 resource
2020-10-08 14:12:36,222 [Worker-42: Building] WARN  o.e.m.c.i.embedder.EclipseLogger - Using platform encoding (GBK actually) to copy filtered resources, i.e. build is platform dependent!
2020-10-08 14:12:36,224 [Worker-42: Building] INFO  o.e.m.c.i.embedder.EclipseLogger - Copying 0 resource
2020-10-08 14:12:57,471 [Worker-42: Building] WARN  o.e.m.c.i.embedder.EclipseLogger - Using platform encoding (GBK actually) to copy filtered resources, i.e. build is platform dependent!
2020-10-08 14:12:57,473 [Worker-42: Building] INFO  o.e.m.c.i.embedder.EclipseLogger - Copying 0 resource
2020-10-08 14:12:57,475 [Worker-42: Building] WARN  o.e.m.c.i.embedder.EclipseLogger - Using platform encoding (GBK actually) to copy filtered resources, i.e. build is platform dependent!
2020-10-08 14:12:57,477 [Worker-42: Building] INFO  o.e.m.c.i.embedder.EclipseLogger - Copying 0 resource
2020-10-08 14:16:30,865 [Worker-42: Building] INFO  o.e.m.c.i.l.LifecycleMappingFactory - Using org.eclipse.m2e.jdt.JarLifecycleMapping lifecycle mapping for MavenProject: cn.kgc.tangcco:java:0.0.1-SNAPSHOT @ D:\Eclipse\java\java\pom.xml.
2020-10-08 14:16:31,121 [Worker-42: Building] INFO  o.e.m.c.i.embedder.EclipseLogger - Using 'utf-8' encoding to copy filtered resources.
2020-10-08 14:16:31,122 [Worker-42: Building] INFO  o.e.m.c.i.embedder.EclipseLogger - Copying 0 resource
2020-10-08 14:16:31,124 [Worker-42: Building] INFO  o.e.m.c.i.embedder.EclipseLogger - Using 'utf-8' encoding to copy filtered resources.
2020-10-08 14:16:31,124 [Worker-42: Building] INFO  o.e.m.c.i.embedder.EclipseLogger - Copying 0 resource
2020-10-08 14:16:32,306 [Worker-46: Building] INFO  o.e.m.c.i.embedder.EclipseLogger - Using 'utf-8' encoding to copy filtered resources.
2020-10-08 14:16:32,307 [Worker-46: Building] INFO  o.e.m.c.i.embedder.EclipseLogger - Copying 0 resource
2020-10-08 14:16:32,309 [Worker-46: Building] INFO  o.e.m.c.i.embedder.EclipseLogger - Using 'utf-8' encoding to copy filtered resources.
2020-10-08 14:16:32,310 [Worker-46: Building] INFO  o.e.m.c.i.embedder.EclipseLogger - Copying 0 resource
2020-10-08 14:17:33,387 [Worker-46: Building] INFO  o.e.m.c.i.embedder.EclipseLogger - Using 'utf-8' encoding to copy filtered resources.
2020-10-08 14:17:33,388 [Worker-46: Building] INFO  o.e.m.c.i.embedder.EclipseLogger - Copying 0 resource
2020-10-08 14:17:33,388 [Worker-46: Building] INFO  o.e.m.c.i.embedder.EclipseLogger - Using 'utf-8' encoding to copy filtered resources.
2020-10-08 14:17:33,389 [Worker-46: Building] INFO  o.e.m.c.i.embedder.EclipseLogger - Copying 0 resource
2020-10-08 14:21:38,695 [Worker-46: Building] INFO  o.e.m.c.i.embedder.EclipseLogger - Using 'utf-8' encoding to copy filtered resources.
2020-10-08 14:21:38,695 [Worker-46: Building] INFO  o.e.m.c.i.embedder.EclipseLogger - Copying 0 resource
2020-10-08 14:21:38,697 [Worker-46: Building] INFO  o.e.m.c.i.embedder.EclipseLogger - Using 'utf-8' encoding to copy filtered resources.
2020-10-08 14:21:38,697 [Worker-46: Building] INFO  o.e.m.c.i.embedder.EclipseLogger - Copying 0 resource
2020-10-08 14:23:35,302 [Worker-0: Loading available Gradle versions] INFO  o.e.b.c.i.u.g.PublishedGradleVersions - Gradle version information cache is up-to-date. Trying to read.
2020-10-08 15:53:52,855 [Worker-2: Loading available Gradle versions] INFO  o.e.b.c.i.u.g.PublishedGradleVersions - Gradle version information cache is up-to-date. Trying to read.
2020-10-08 16:14:11,868 [Worker-3: Loading available Gradle versions] INFO  o.e.b.c.i.u.g.PublishedGradleVersions - Gradle version information cache is up-to-date. Trying to read.
2020-10-08 16:21:54,803 [Worker-10: Building] INFO  o.e.m.c.i.embedder.EclipseLogger - Using 'utf-8' encoding to copy filtered resources.
2020-10-08 16:21:54,806 [Worker-10: Building] INFO  o.e.m.c.i.embedder.EclipseLogger - Copying 0 resource
2020-10-08 16:21:54,809 [Worker-10: Building] INFO  o.e.m.c.i.embedder.EclipseLogger - Using 'utf-8' encoding to copy filtered resources.
2020-10-08 16:21:54,809 [Worker-10: Building] INFO  o.e.m.c.i.embedder.EclipseLogger - Copying 0 resource
2020-10-08 16:23:48,805 [Worker-26: Building] INFO  o.e.m.c.i.embedder.EclipseLogger - Using 'utf-8' encoding to copy filtered resources.
2020-10-08 16:23:48,806 [Worker-26: Building] INFO  o.e.m.c.i.embedder.EclipseLogger - Copying 0 resource
2020-10-08 16:23:48,807 [Worker-26: Building] INFO  o.e.m.c.i.embedder.EclipseLogger - Using 'utf-8' encoding to copy filtered resources.
2020-10-08 16:23:48,808 [Worker-26: Building] INFO  o.e.m.c.i.embedder.EclipseLogger - Copying 0 resource
2020-10-08 16:24:09,327 [Worker-27: Building] INFO  o.e.m.c.i.embedder.EclipseLogger - Using 'utf-8' encoding to copy filtered resources.
2020-10-08 16:24:09,327 [Worker-27: Building] INFO  o.e.m.c.i.embedder.EclipseLogger - Copying 0 resource
2020-10-08 16:24:09,329 [Worker-27: Building] INFO  o.e.m.c.i.embedder.EclipseLogger - Using 'utf-8' encoding to copy filtered resources.
2020-10-08 16:24:09,329 [Worker-27: Building] INFO  o.e.m.c.i.embedder.EclipseLogger - Copying 0 resource
2020-10-08 16:24:52,389 [Worker-23: Building] INFO  o.e.m.c.i.embedder.EclipseLogger - Using 'utf-8' encoding to copy filtered resources.
2020-10-08 16:24:52,389 [Worker-23: Building] INFO  o.e.m.c.i.embedder.EclipseLogger - Copying 0 resource
2020-10-08 16:24:52,390 [Worker-23: Building] INFO  o.e.m.c.i.embedder.EclipseLogger - Using 'utf-8' encoding to copy filtered resources.
2020-10-08 16:24:52,391 [Worker-23: Building] INFO  o.e.m.c.i.embedder.EclipseLogger - Copying 0 resource
